<?xml version="1.0" encoding="UTF-8"?>
<!-- Generated by org.testng.reporters.JUnitReportReporter -->
<testsuite hostname="DESKTOP-G7RJ9IF" failures="0" tests="10" name="hust.cs.javacourse.search.index.DocumentTest" time="0.000" errors="0" timestamp="09 5月 2021 08:12:51 GMT" skipped="8">
  <testcase classname="hust.cs.javacourse.search.index.DocumentTest" name="testGetDocPath" time="0.000">
    <skipped/>
  </testcase> <!-- testGetDocPath -->
  <testcase classname="hust.cs.javacourse.search.index.DocumentTest" name="testGetTuples" time="0.000">
    <skipped/>
  </testcase> <!-- testGetTuples -->
  <testcase classname="hust.cs.javacourse.search.index.DocumentTest" name="testSetDocId" time="0.000"/>
  <testcase classname="hust.cs.javacourse.search.index.DocumentTest" name="testGetDocId" time="0.000">
    <skipped/>
  </testcase> <!-- testGetDocId -->
  <testcase classname="hust.cs.javacourse.search.index.DocumentTest" name="testTestToString" time="0.000">
    <skipped/>
  </testcase> <!-- testTestToString -->
  <testcase classname="hust.cs.javacourse.search.index.DocumentTest" name="testAddTuple" time="0.000">
    <skipped/>
  </testcase> <!-- testAddTuple -->
  <testcase classname="hust.cs.javacourse.search.index.DocumentTest" name="testGetTupleSize" time="0.000">
    <skipped/>
  </testcase> <!-- testGetTupleSize -->
  <testcase classname="hust.cs.javacourse.search.index.DocumentTest" name="testGetTuple" time="0.000">
    <skipped/>
  </testcase> <!-- testGetTuple -->
  <testcase classname="hust.cs.javacourse.search.index.DocumentTest" name="testSetDocPath" time="0.000"/>
  <testcase classname="hust.cs.javacourse.search.index.DocumentTest" name="testContains" time="0.000">
    <skipped/>
  </testcase> <!-- testContains -->
</testsuite> <!-- hust.cs.javacourse.search.index.DocumentTest -->
