<?xml version="1.0" encoding="UTF-8"?>
<!-- Generated by org.testng.reporters.JUnitReportReporter -->
<testsuite hostname="DESKTOP-G7RJ9IF" failures="0" tests="2" name="hust.cs.javacourse.search.index.TermTupleTest" time="0.000" errors="0" timestamp="09 5月 2021 08:12:51 GMT" skipped="2">
  <testcase classname="hust.cs.javacourse.search.index.TermTupleTest" name="testTestEquals" time="0.000">
    <skipped/>
  </testcase> <!-- testTestEquals -->
  <testcase classname="hust.cs.javacourse.search.index.TermTupleTest" name="testTestToString" time="0.000">
    <skipped/>
  </testcase> <!-- testTestToString -->
</testsuite> <!-- hust.cs.javacourse.search.index.TermTupleTest -->
